2022-04-27 14:56:01.388 [TestNG-tests-1] PageObjects.BasePage.open(BasePage.java:37) - Open page https://catalog.onliner.by/
2022-04-27 14:56:03.730 [TestNG-tests-1] PageObjects.BasePage.clickButton(BasePage.java:58) - Click on button By.cssSelector: div[class$=text]
2022-04-27 14:56:03.812 [TestNG-tests-1] PageObjects.Onliner.CatalogPage.clickEnterButton(CatalogPage.java:20) - Enter button was clicked.
2022-04-27 14:56:03.813 [TestNG-tests-1] PageObjects.BasePage.isElementExists(BasePage.java:64) - Is element exist: By.cssSelector: [class='auth-entry']
2022-04-27 14:56:03.842 [TestNG-tests-1] PageObjects.Onliner.LoginPage.checkAuthenticationFormIsOpened(LoginPage.java:16) - Authentication form is opened.
2022-04-27 14:56:03.853 [TestNG-tests-1] PageObjects.BasePage.open(BasePage.java:37) - Open page https://catalog.onliner.by/
2022-04-27 14:56:05.325 [TestNG-tests-1] PageObjects.BasePage.clickButton(BasePage.java:58) - Click on button By.cssSelector: div[class$=text]
2022-04-27 14:56:05.400 [TestNG-tests-1] PageObjects.Onliner.CatalogPage.clickEnterButton(CatalogPage.java:20) - Enter button was clicked.
2022-04-27 14:56:05.480 [TestNG-tests-1] PageObjects.Onliner.LoginPage.enterPassword(LoginPage.java:21) - Password was entered.
2022-04-27 14:56:05.481 [TestNG-tests-1] PageObjects.BasePage.clickButton(BasePage.java:58) - Click on button By.xpath: //div/*[@type='submit']
2022-04-27 14:56:05.552 [TestNG-tests-1] PageObjects.Onliner.LoginPage.clickSubmitButton(LoginPage.java:40) - Submit button was clicked.
2022-04-27 14:56:05.552 [TestNG-tests-1] PageObjects.BasePage.isElementExists(BasePage.java:64) - Is element exist: By.cssSelector: [class*=description_error]
2022-04-27 14:56:05.770 [TestNG-tests-1] PageObjects.BasePage.compareErrorWithExpected(BasePage.java:97) - Compare error Укажите ник или e-mail
2022-04-27 14:56:05.786 [TestNG-tests-1] PageObjects.Onliner.LoginPage.checkErrorForEmptyEmail(LoginPage.java:34) - Check error for empty email.
2022-04-27 14:56:05.788 [TestNG-tests-1] PageObjects.BasePage.open(BasePage.java:37) - Open page https://catalog.onliner.by/
2022-04-27 14:56:06.868 [TestNG-tests-1] PageObjects.BasePage.clickButton(BasePage.java:58) - Click on button By.xpath: //li[@data-id='3']
2022-04-27 14:56:06.999 [TestNG-tests-1] PageObjects.BasePage.clickButton(BasePage.java:58) - Click on button By.xpath: //*[contains(text(),'Уборка')]
2022-04-27 14:56:07.122 [TestNG-tests-1] PageObjects.BasePage.clickButton(BasePage.java:58) - Click on button By.cssSelector: [class*='dropdown'] [href$='vacuumcleaner']
2022-04-27 14:56:09.837 [TestNG-tests-1] PageObjects.BasePage.clickButton(BasePage.java:58) - Click on button By.cssSelector: [class$=hot]
2022-04-27 14:56:09.911 [TestNG-tests-1] PageObjects.BasePage.clickButton(BasePage.java:58) - Click on button By.cssSelector: [class$=hot]
2022-04-27 14:56:10.031 [TestNG-tests-1] PageObjects.Onliner.ProductsPage.checkHintText(ProductsPage.java:30) - Check hint for fire sign.
2022-04-27 14:56:10.033 [TestNG-tests-1] PageObjects.BasePage.open(BasePage.java:37) - Open page https://catalog.onliner.by/
2022-04-27 14:56:11.317 [TestNG-tests-1] PageObjects.BasePage.clickButton(BasePage.java:58) - Click on button By.xpath: //li[@data-id='3']
2022-04-27 14:56:11.431 [TestNG-tests-1] PageObjects.BasePage.clickButton(BasePage.java:58) - Click on button By.xpath: //*[contains(text(),'Уборка')]
2022-04-27 14:56:11.550 [TestNG-tests-1] PageObjects.BasePage.clickButton(BasePage.java:58) - Click on button By.cssSelector: [class*='dropdown'] [href$='vacuumcleaner']
2022-04-27 14:56:12.959 [TestNG-tests-1] PageObjects.BasePage.isElementExists(BasePage.java:64) - Is element exist: By.cssSelector: [class$='delivery'] [class$='content']
2022-04-27 14:56:12.971 [TestNG-tests-1] PageObjects.Onliner.ProductsPage.checkDialogWindowAvailable(ProductsPage.java:36) - Check dialog window is available.
2022-04-27 14:56:12.971 [TestNG-tests-1] PageObjects.BasePage.getText(BasePage.java:80) - Get text of element: By.cssSelector: [class$='delivery'] [class$='content'] [class*='link']
2022-04-27 14:56:13.361 [TestNG-tests-1] PageObjects.BasePage.getText(BasePage.java:80) - Get text of element: By.cssSelector: [class$='delivery'] [class$='content'] [class*='button']
2022-04-27 14:56:13.381 [TestNG-tests-1] PageObjects.Onliner.ProductsPage.checkButtonNamesOnDialogWindow(ProductsPage.java:43) - Check button names on dialog window.
2022-04-27 14:56:13.382 [TestNG-tests-1] PageObjects.BasePage.open(BasePage.java:37) - Open page https://catalog.onliner.by/
2022-04-27 14:56:14.560 [TestNG-tests-1] PageObjects.BasePage.clickButton(BasePage.java:58) - Click on button By.xpath: //li[@data-id='3']
2022-04-27 14:56:14.666 [TestNG-tests-1] PageObjects.BasePage.clickButton(BasePage.java:58) - Click on button By.xpath: //*[contains(text(),'Уборка')]
2022-04-27 14:56:14.796 [TestNG-tests-1] PageObjects.BasePage.clickButton(BasePage.java:58) - Click on button By.cssSelector: [class*='dropdown'] [href$='vacuumcleaner']
2022-04-27 14:56:17.288 [TestNG-tests-1] PageObjects.BasePage.clickButton(BasePage.java:58) - Click on button By.cssSelector: [class*=product] [class*=image]
2022-04-27 14:56:19.831 [TestNG-tests-1] PageObjects.BasePage.clickButton(BasePage.java:58) - Click on button By.xpath: //*[contains(text(),'В корзину')]
2022-04-27 14:56:20.203 [TestNG-tests-1] PageObjects.BasePage.clickButton(BasePage.java:58) - Click on button By.cssSelector: [class*='control'] [class$='recommended__button']
2022-04-27 14:56:24.455 [TestNG-tests-1] PageObjects.BasePage.compareCurrentUrlWithExpected(BasePage.java:91) - Compare current url https://cart.onliner.by/
2022-04-27 14:56:24.459 [TestNG-tests-1] PageObjects.BasePage.getText(BasePage.java:80) - Get text of element: By.cssSelector: [class$='ammount']
2022-04-27 14:56:25.529 [TestNG-tests-1] PageObjects.BasePage.open(BasePage.java:37) - Open page https://catalog.onliner.by/
2022-04-27 14:56:26.703 [TestNG-tests-1] PageObjects.BasePage.clickButton(BasePage.java:58) - Click on button By.cssSelector: [title='Корзина']
2022-04-27 14:56:27.653 [TestNG-tests-1] PageObjects.BasePage.compareCurrentUrlWithExpected(BasePage.java:91) - Compare current url https://cart.onliner.by/
2022-04-27 14:56:27.816 [TestNG-tests-1] PageObjects.BasePage.getText(BasePage.java:80) - Get text of element: By.cssSelector: [class$='extra']
2022-04-27 14:56:28.153 [TestNG-tests-1] PageObjects.BasePage.open(BasePage.java:37) - Open page https://catalog.onliner.by/
2022-04-27 14:56:29.317 [TestNG-tests-1] PageObjects.BasePage.clickButton(BasePage.java:58) - Click on button By.cssSelector: div[class$=text]
2022-04-27 14:56:29.392 [TestNG-tests-1] PageObjects.Onliner.CatalogPage.clickEnterButton(CatalogPage.java:20) - Enter button was clicked.
2022-04-27 14:56:29.393 [TestNG-tests-1] PageObjects.BasePage.clickButton(BasePage.java:58) - Click on button By.cssSelector: [href$='registration']
2022-04-27 14:56:30.639 [TestNG-tests-1] PageObjects.BasePage.compareCurrentUrlWithExpected(BasePage.java:91) - Compare current url https://profile.onliner.by/registration
2022-04-27 14:56:30.694 [TestNG-tests-1] PageObjects.Onliner.RegisterPage.enterEmail(RegisterPage.java:44) - Email was entered.
2022-04-27 14:56:30.694 [TestNG-tests-1] PageObjects.BasePage.enter(BasePage.java:111) - Enter [            12]
2022-04-27 14:56:30.751 [TestNG-tests-1] PageObjects.BasePage.enter(BasePage.java:111) - Enter [            12]
2022-04-27 14:56:30.801 [TestNG-tests-1] PageObjects.BasePage.clickButton(BasePage.java:58) - Click on button By.cssSelector: span[class*='faux']
2022-04-27 14:56:30.836 [TestNG-tests-1] PageObjects.BasePage.clickButton(BasePage.java:58) - Click on button By.xpath: //div/*[@type='submit']
2022-04-27 14:56:30.887 [TestNG-tests-1] PageObjects.Onliner.RegisterPage.clickSubmitButton(RegisterPage.java:50) - Submit button was clicked.
2022-04-27 14:56:31.091 [TestNG-tests-1] PageObjects.BasePage.compareErrorWithExpected(BasePage.java:97) - Compare error Пароль должен быть от 8 до 64 символов
2022-04-27 14:56:31.103 [TestNG-tests-1] PageObjects.BasePage.screenshot(BasePage.java:117) - Take screenshot to directory: src/test/java/Screenshots
