2022-04-28 12:57:00.286 [TestNG-tests-1] PageObjects.BasePage.open(BasePage.java:37) - Open page https://catalog.onliner.by/
2022-04-28 12:57:04.841 [TestNG-tests-1] PageObjects.BasePage.clickButton(BasePage.java:58) - Click on button By.cssSelector: div[class$=text]
2022-04-28 12:57:04.925 [TestNG-tests-1] PageObjects.Onliner.CatalogPage.clickEnterButton(CatalogPage.java:20) - Enter button was clicked.
2022-04-28 12:57:04.926 [TestNG-tests-1] PageObjects.BasePage.isElementExists(BasePage.java:64) - Is element exist: By.cssSelector: [class='auth-entry']
2022-04-28 12:57:04.957 [TestNG-tests-1] PageObjects.Onliner.LoginPage.checkAuthenticationFormIsOpened(LoginPage.java:16) - Authentication form is opened.
2022-04-28 12:57:04.969 [TestNG-tests-1] PageObjects.BasePage.open(BasePage.java:37) - Open page https://catalog.onliner.by/
2022-04-28 12:57:08.283 [TestNG-tests-1] PageObjects.BasePage.clickButton(BasePage.java:58) - Click on button By.cssSelector: div[class$=text]
2022-04-28 12:57:08.341 [TestNG-tests-1] PageObjects.Onliner.CatalogPage.clickEnterButton(CatalogPage.java:20) - Enter button was clicked.
2022-04-28 12:57:08.420 [TestNG-tests-1] PageObjects.Onliner.LoginPage.enterPassword(LoginPage.java:21) - Password was entered.
2022-04-28 12:57:08.420 [TestNG-tests-1] PageObjects.BasePage.clickButton(BasePage.java:58) - Click on button By.xpath: //div/*[@type='submit']
2022-04-28 12:57:08.482 [TestNG-tests-1] PageObjects.Onliner.LoginPage.clickSubmitButton(LoginPage.java:40) - Submit button was clicked.
2022-04-28 12:57:08.482 [TestNG-tests-1] PageObjects.BasePage.isElementExists(BasePage.java:64) - Is element exist: By.cssSelector: [class*=description_error]
2022-04-28 12:57:08.883 [TestNG-tests-1] PageObjects.BasePage.compareErrorWithExpected(BasePage.java:91) - Compare error Укажите ник или e-mail
2022-04-28 12:57:08.896 [TestNG-tests-1] PageObjects.Onliner.LoginPage.checkErrorForEmptyEmail(LoginPage.java:34) - Check error for empty email.
2022-04-28 12:57:08.899 [TestNG-tests-1] PageObjects.BasePage.open(BasePage.java:37) - Open page https://catalog.onliner.by/
2022-04-28 12:57:10.038 [TestNG-tests-1] PageObjects.BasePage.clickButton(BasePage.java:58) - Click on button By.xpath: //li[@data-id='3']
2022-04-28 12:57:10.171 [TestNG-tests-1] PageObjects.BasePage.clickButton(BasePage.java:58) - Click on button By.xpath: //*[contains(text(),'Уборка')]
2022-04-28 12:57:10.321 [TestNG-tests-1] PageObjects.BasePage.clickButton(BasePage.java:58) - Click on button By.cssSelector: [class*='dropdown'] [href$='vacuumcleaner']
2022-04-28 12:57:12.559 [TestNG-tests-1] PageObjects.BasePage.clickButton(BasePage.java:58) - Click on button By.cssSelector: [class$=hot]
2022-04-28 12:57:13.073 [TestNG-tests-1] PageObjects.BasePage.clickButton(BasePage.java:58) - Click on button By.cssSelector: [class$=hot]
2022-04-28 12:57:13.234 [TestNG-tests-1] PageObjects.Onliner.ProductsPage.checkHintText(ProductsPage.java:30) - Check hint for fire sign.
2022-04-28 12:57:13.237 [TestNG-tests-1] PageObjects.BasePage.open(BasePage.java:37) - Open page https://catalog.onliner.by/
2022-04-28 12:57:14.439 [TestNG-tests-1] PageObjects.BasePage.clickButton(BasePage.java:58) - Click on button By.xpath: //li[@data-id='3']
2022-04-28 12:57:14.553 [TestNG-tests-1] PageObjects.BasePage.clickButton(BasePage.java:58) - Click on button By.xpath: //*[contains(text(),'Уборка')]
2022-04-28 12:57:14.668 [TestNG-tests-1] PageObjects.BasePage.clickButton(BasePage.java:58) - Click on button By.cssSelector: [class*='dropdown'] [href$='vacuumcleaner']
2022-04-28 12:57:16.838 [TestNG-tests-1] PageObjects.BasePage.isElementExists(BasePage.java:64) - Is element exist: By.cssSelector: [class$='delivery'] [class$='content']
2022-04-28 12:57:16.988 [TestNG-tests-1] PageObjects.Onliner.ProductsPage.checkDialogWindowAvailable(ProductsPage.java:36) - Check dialog window is available.
2022-04-28 12:57:16.989 [TestNG-tests-1] PageObjects.BasePage.getText(BasePage.java:80) - Get text of element: By.cssSelector: [class$='delivery'] [class$='content'] [class*='link']
2022-04-28 12:57:17.023 [TestNG-tests-1] PageObjects.BasePage.getText(BasePage.java:80) - Get text of element: By.cssSelector: [class$='delivery'] [class$='content'] [class*='button']
2022-04-28 12:57:17.046 [TestNG-tests-1] PageObjects.Onliner.ProductsPage.checkButtonNamesOnDialogWindow(ProductsPage.java:43) - Check button names on dialog window.
2022-04-28 12:57:17.050 [TestNG-tests-1] PageObjects.BasePage.open(BasePage.java:37) - Open page https://catalog.onliner.by/
2022-04-28 12:57:18.316 [TestNG-tests-1] PageObjects.BasePage.clickButton(BasePage.java:58) - Click on button By.xpath: //li[@data-id='3']
2022-04-28 12:57:18.421 [TestNG-tests-1] PageObjects.BasePage.clickButton(BasePage.java:58) - Click on button By.xpath: //*[contains(text(),'Уборка')]
2022-04-28 12:57:18.531 [TestNG-tests-1] PageObjects.BasePage.clickButton(BasePage.java:58) - Click on button By.cssSelector: [class*='dropdown'] [href$='vacuumcleaner']
2022-04-28 12:57:20.365 [TestNG-tests-1] PageObjects.BasePage.clickButton(BasePage.java:58) - Click on button By.cssSelector: [class*=product] [class*=image]
2022-04-28 12:57:22.866 [TestNG-tests-1] PageObjects.BasePage.clickButton(BasePage.java:58) - Click on button By.xpath: //*[contains(text(),'В корзину')]
2022-04-28 12:57:23.076 [TestNG-tests-1] PageObjects.BasePage.clickButton(BasePage.java:58) - Click on button By.cssSelector: [class*='control'] [class$='recommended__button']
2022-04-28 12:57:26.175 [TestNG-tests-1] PageObjects.BasePage.compareCurrentUrlWithExpected(BasePage.java:85) - Compare current url https://cart.onliner.by/
2022-04-28 12:57:26.179 [TestNG-tests-1] PageObjects.BasePage.getText(BasePage.java:80) - Get text of element: By.cssSelector: [class$='ammount']
2022-04-28 12:57:26.624 [TestNG-tests-1] PageObjects.BasePage.open(BasePage.java:37) - Open page https://catalog.onliner.by/
2022-04-28 12:57:28.054 [TestNG-tests-1] PageObjects.BasePage.clickButton(BasePage.java:58) - Click on button By.cssSelector: [title='Корзина']
2022-04-28 12:57:28.932 [TestNG-tests-1] PageObjects.BasePage.compareCurrentUrlWithExpected(BasePage.java:85) - Compare current url https://cart.onliner.by/
2022-04-28 12:57:30.143 [TestNG-tests-1] PageObjects.BasePage.wait(BasePage.java:97) - Wait for By.cssSelector: div[class$='remove'] div a
2022-04-28 12:57:30.383 [TestNG-tests-1] PageObjects.Onliner.CartPage.clickRemoveButton(CartPage.java:24) - Remove button clicked
2022-04-28 12:57:30.384 [TestNG-tests-1] PageObjects.BasePage.getText(BasePage.java:80) - Get text of element: By.cssSelector: [class$='extra']
