2022-04-27 20:53:34.791 [TestNG-tests-1] PageObjects.BasePage.open(BasePage.java:37) - Open page https://catalog.onliner.by/
2022-04-27 20:53:37.202 [TestNG-tests-1] PageObjects.BasePage.clickButton(BasePage.java:58) - Click on button By.cssSelector: div[class$=text]
2022-04-27 20:53:37.299 [TestNG-tests-1] PageObjects.Onliner.CatalogPage.clickEnterButton(CatalogPage.java:20) - Enter button was clicked.
2022-04-27 20:53:37.301 [TestNG-tests-1] PageObjects.BasePage.isElementExists(BasePage.java:64) - Is element exist: By.cssSelector: [class='auth-entry']
2022-04-27 20:53:37.331 [TestNG-tests-1] PageObjects.Onliner.LoginPage.checkAuthenticationFormIsOpened(LoginPage.java:16) - Authentication form is opened.
2022-04-27 20:53:37.347 [TestNG-tests-1] PageObjects.BasePage.open(BasePage.java:37) - Open page https://catalog.onliner.by/
2022-04-27 20:53:38.539 [TestNG-tests-1] PageObjects.BasePage.clickButton(BasePage.java:58) - Click on button By.cssSelector: div[class$=text]
2022-04-27 20:53:38.608 [TestNG-tests-1] PageObjects.Onliner.CatalogPage.clickEnterButton(CatalogPage.java:20) - Enter button was clicked.
2022-04-27 20:53:38.684 [TestNG-tests-1] PageObjects.Onliner.LoginPage.enterPassword(LoginPage.java:21) - Password was entered.
2022-04-27 20:53:38.684 [TestNG-tests-1] PageObjects.BasePage.clickButton(BasePage.java:58) - Click on button By.xpath: //div/*[@type='submit']
2022-04-27 20:53:38.749 [TestNG-tests-1] PageObjects.Onliner.LoginPage.clickSubmitButton(LoginPage.java:40) - Submit button was clicked.
2022-04-27 20:53:38.750 [TestNG-tests-1] PageObjects.BasePage.isElementExists(BasePage.java:64) - Is element exist: By.cssSelector: [class*=description_error]
2022-04-27 20:53:39.153 [TestNG-tests-1] PageObjects.BasePage.compareErrorWithExpected(BasePage.java:97) - Compare error Укажите ник или e-mail
2022-04-27 20:53:39.166 [TestNG-tests-1] PageObjects.Onliner.LoginPage.checkErrorForEmptyEmail(LoginPage.java:34) - Check error for empty email.
2022-04-27 20:53:39.168 [TestNG-tests-1] PageObjects.BasePage.open(BasePage.java:37) - Open page https://catalog.onliner.by/
2022-04-27 20:53:40.203 [TestNG-tests-1] PageObjects.BasePage.clickButton(BasePage.java:58) - Click on button By.xpath: //li[@data-id='3']
2022-04-27 20:53:40.327 [TestNG-tests-1] PageObjects.BasePage.clickButton(BasePage.java:58) - Click on button By.xpath: //*[contains(text(),'Уборка')]
2022-04-27 20:53:40.466 [TestNG-tests-1] PageObjects.BasePage.clickButton(BasePage.java:58) - Click on button By.cssSelector: [class*='dropdown'] [href$='vacuumcleaner']
2022-04-27 20:53:42.943 [TestNG-tests-1] PageObjects.BasePage.clickButton(BasePage.java:58) - Click on button By.cssSelector: [class$=hot]
2022-04-27 20:53:43.016 [TestNG-tests-1] PageObjects.BasePage.clickButton(BasePage.java:58) - Click on button By.cssSelector: [class$=hot]
2022-04-27 20:53:43.162 [TestNG-tests-1] PageObjects.Onliner.ProductsPage.checkHintText(ProductsPage.java:30) - Check hint for fire sign.
2022-04-27 20:53:43.165 [TestNG-tests-1] PageObjects.BasePage.open(BasePage.java:37) - Open page https://catalog.onliner.by/
2022-04-27 20:53:44.264 [TestNG-tests-1] PageObjects.BasePage.clickButton(BasePage.java:58) - Click on button By.xpath: //li[@data-id='3']
2022-04-27 20:53:44.368 [TestNG-tests-1] PageObjects.BasePage.clickButton(BasePage.java:58) - Click on button By.xpath: //*[contains(text(),'Уборка')]
2022-04-27 20:53:44.485 [TestNG-tests-1] PageObjects.BasePage.clickButton(BasePage.java:58) - Click on button By.cssSelector: [class*='dropdown'] [href$='vacuumcleaner']
2022-04-27 20:53:45.919 [TestNG-tests-1] PageObjects.BasePage.isElementExists(BasePage.java:64) - Is element exist: By.cssSelector: [class$='delivery'] [class$='content']
2022-04-27 20:53:45.929 [TestNG-tests-1] PageObjects.Onliner.ProductsPage.checkDialogWindowAvailable(ProductsPage.java:36) - Check dialog window is available.
2022-04-27 20:53:45.930 [TestNG-tests-1] PageObjects.BasePage.getText(BasePage.java:80) - Get text of element: By.cssSelector: [class$='delivery'] [class$='content'] [class*='link']
2022-04-27 20:53:46.341 [TestNG-tests-1] PageObjects.BasePage.getText(BasePage.java:80) - Get text of element: By.cssSelector: [class$='delivery'] [class$='content'] [class*='button']
2022-04-27 20:53:46.360 [TestNG-tests-1] PageObjects.Onliner.ProductsPage.checkButtonNamesOnDialogWindow(ProductsPage.java:43) - Check button names on dialog window.
2022-04-27 20:53:46.362 [TestNG-tests-1] PageObjects.BasePage.open(BasePage.java:37) - Open page https://catalog.onliner.by/
2022-04-27 20:53:47.519 [TestNG-tests-1] PageObjects.BasePage.clickButton(BasePage.java:58) - Click on button By.xpath: //li[@data-id='3']
2022-04-27 20:53:47.647 [TestNG-tests-1] PageObjects.BasePage.clickButton(BasePage.java:58) - Click on button By.xpath: //*[contains(text(),'Уборка')]
2022-04-27 20:53:47.775 [TestNG-tests-1] PageObjects.BasePage.clickButton(BasePage.java:58) - Click on button By.cssSelector: [class*='dropdown'] [href$='vacuumcleaner']
2022-04-27 20:53:49.275 [TestNG-tests-1] PageObjects.BasePage.clickButton(BasePage.java:58) - Click on button By.cssSelector: [class*=product] [class*=image]
2022-04-27 20:53:51.733 [TestNG-tests-1] PageObjects.BasePage.clickButton(BasePage.java:58) - Click on button By.xpath: //*[contains(text(),'В корзину')]
2022-04-27 20:53:51.904 [TestNG-tests-1] PageObjects.BasePage.clickButton(BasePage.java:58) - Click on button By.cssSelector: [class*='control'] [class$='recommended__button']
2022-04-27 20:53:54.336 [TestNG-tests-1] PageObjects.BasePage.compareCurrentUrlWithExpected(BasePage.java:91) - Compare current url https://cart.onliner.by/
2022-04-27 20:53:54.339 [TestNG-tests-1] PageObjects.BasePage.getText(BasePage.java:80) - Get text of element: By.cssSelector: [class$='ammount']
2022-04-27 20:53:54.487 [TestNG-tests-1] PageObjects.BasePage.open(BasePage.java:37) - Open page https://catalog.onliner.by/
2022-04-27 20:53:55.599 [TestNG-tests-1] PageObjects.BasePage.clickButton(BasePage.java:58) - Click on button By.cssSelector: [title='Корзина']
2022-04-27 20:53:56.543 [TestNG-tests-1] PageObjects.BasePage.compareCurrentUrlWithExpected(BasePage.java:91) - Compare current url https://cart.onliner.by/
2022-04-27 20:53:56.791 [TestNG-tests-1] PageObjects.BasePage.getText(BasePage.java:80) - Get text of element: By.cssSelector: [class$='extra']
