2022-04-27 15:46:10.876 [TestNG-tests-1] PageObjects.BasePage.open(BasePage.java:37) - Open page https://catalog.onliner.by/
2022-04-27 15:46:15.344 [TestNG-tests-1] PageObjects.BasePage.clickButton(BasePage.java:58) - Click on button By.cssSelector: div[class$=text]
2022-04-27 15:46:15.433 [TestNG-tests-1] PageObjects.Onliner.CatalogPage.clickEnterButton(CatalogPage.java:20) - Enter button was clicked.
2022-04-27 15:46:15.434 [TestNG-tests-1] PageObjects.BasePage.isElementExists(BasePage.java:64) - Is element exist: By.cssSelector: [class='auth-entry']
2022-04-27 15:46:15.456 [TestNG-tests-1] PageObjects.Onliner.LoginPage.checkAuthenticationFormIsOpened(LoginPage.java:16) - Authentication form is opened.
2022-04-27 15:46:15.468 [TestNG-tests-1] PageObjects.BasePage.open(BasePage.java:37) - Open page https://catalog.onliner.by/
2022-04-27 15:46:16.623 [TestNG-tests-1] PageObjects.BasePage.clickButton(BasePage.java:58) - Click on button By.cssSelector: div[class$=text]
2022-04-27 15:46:16.679 [TestNG-tests-1] PageObjects.Onliner.CatalogPage.clickEnterButton(CatalogPage.java:20) - Enter button was clicked.
2022-04-27 15:46:16.756 [TestNG-tests-1] PageObjects.Onliner.LoginPage.enterPassword(LoginPage.java:21) - Password was entered.
2022-04-27 15:46:16.756 [TestNG-tests-1] PageObjects.BasePage.clickButton(BasePage.java:58) - Click on button By.xpath: //div/*[@type='submit']
2022-04-27 15:46:16.819 [TestNG-tests-1] PageObjects.Onliner.LoginPage.clickSubmitButton(LoginPage.java:40) - Submit button was clicked.
2022-04-27 15:46:16.819 [TestNG-tests-1] PageObjects.BasePage.isElementExists(BasePage.java:64) - Is element exist: By.cssSelector: [class*=description_error]
2022-04-27 15:46:16.972 [TestNG-tests-1] PageObjects.BasePage.compareErrorWithExpected(BasePage.java:97) - Compare error Укажите ник или e-mail
2022-04-27 15:46:16.986 [TestNG-tests-1] PageObjects.Onliner.LoginPage.checkErrorForEmptyEmail(LoginPage.java:34) - Check error for empty email.
2022-04-27 15:46:16.988 [TestNG-tests-1] PageObjects.BasePage.open(BasePage.java:37) - Open page https://catalog.onliner.by/
2022-04-27 15:46:18.018 [TestNG-tests-1] PageObjects.BasePage.clickButton(BasePage.java:58) - Click on button By.xpath: //li[@data-id='3']
2022-04-27 15:46:18.160 [TestNG-tests-1] PageObjects.BasePage.clickButton(BasePage.java:58) - Click on button By.xpath: //*[contains(text(),'Уборка')]
2022-04-27 15:46:18.289 [TestNG-tests-1] PageObjects.BasePage.clickButton(BasePage.java:58) - Click on button By.cssSelector: [class*='dropdown'] [href$='vacuumcleaner']
2022-04-27 15:46:21.158 [TestNG-tests-1] PageObjects.BasePage.clickButton(BasePage.java:58) - Click on button By.cssSelector: [class$=hot]
2022-04-27 15:46:21.233 [TestNG-tests-1] PageObjects.BasePage.clickButton(BasePage.java:58) - Click on button By.cssSelector: [class$=hot]
2022-04-27 15:46:21.367 [TestNG-tests-1] PageObjects.Onliner.ProductsPage.checkHintText(ProductsPage.java:30) - Check hint for fire sign.
2022-04-27 15:46:21.368 [TestNG-tests-1] PageObjects.BasePage.open(BasePage.java:37) - Open page https://catalog.onliner.by/
2022-04-27 15:46:22.491 [TestNG-tests-1] PageObjects.BasePage.clickButton(BasePage.java:58) - Click on button By.xpath: //li[@data-id='3']
2022-04-27 15:46:22.603 [TestNG-tests-1] PageObjects.BasePage.clickButton(BasePage.java:58) - Click on button By.xpath: //*[contains(text(),'Уборка')]
2022-04-27 15:46:22.736 [TestNG-tests-1] PageObjects.BasePage.clickButton(BasePage.java:58) - Click on button By.cssSelector: [class*='dropdown'] [href$='vacuumcleaner']
2022-04-27 15:46:24.055 [TestNG-tests-1] PageObjects.BasePage.isElementExists(BasePage.java:64) - Is element exist: By.cssSelector: [class$='delivery'] [class$='content']
2022-04-27 15:46:24.426 [TestNG-tests-1] PageObjects.Onliner.ProductsPage.checkDialogWindowAvailable(ProductsPage.java:36) - Check dialog window is available.
2022-04-27 15:46:24.426 [TestNG-tests-1] PageObjects.BasePage.getText(BasePage.java:80) - Get text of element: By.cssSelector: [class$='delivery'] [class$='content'] [class*='link']
2022-04-27 15:46:24.470 [TestNG-tests-1] PageObjects.BasePage.getText(BasePage.java:80) - Get text of element: By.cssSelector: [class$='delivery'] [class$='content'] [class*='button']
2022-04-27 15:46:24.491 [TestNG-tests-1] PageObjects.Onliner.ProductsPage.checkButtonNamesOnDialogWindow(ProductsPage.java:43) - Check button names on dialog window.
2022-04-27 15:46:24.493 [TestNG-tests-1] PageObjects.BasePage.open(BasePage.java:37) - Open page https://catalog.onliner.by/
2022-04-27 15:46:25.832 [TestNG-tests-1] PageObjects.BasePage.clickButton(BasePage.java:58) - Click on button By.xpath: //li[@data-id='3']
2022-04-27 15:46:25.938 [TestNG-tests-1] PageObjects.BasePage.clickButton(BasePage.java:58) - Click on button By.xpath: //*[contains(text(),'Уборка')]
2022-04-27 15:46:26.061 [TestNG-tests-1] PageObjects.BasePage.clickButton(BasePage.java:58) - Click on button By.cssSelector: [class*='dropdown'] [href$='vacuumcleaner']
2022-04-27 15:46:27.602 [TestNG-tests-1] PageObjects.BasePage.clickButton(BasePage.java:58) - Click on button By.cssSelector: [class*=product] [class*=image]
2022-04-27 15:46:30.605 [TestNG-tests-1] PageObjects.BasePage.clickButton(BasePage.java:58) - Click on button By.xpath: //*[contains(text(),'В корзину')]
2022-04-27 15:46:30.719 [TestNG-tests-1] PageObjects.BasePage.clickButton(BasePage.java:58) - Click on button By.cssSelector: [class*='control'] [class$='recommended__button']
2022-04-27 15:46:33.402 [TestNG-tests-1] PageObjects.BasePage.compareCurrentUrlWithExpected(BasePage.java:91) - Compare current url https://cart.onliner.by/
2022-04-27 15:46:33.405 [TestNG-tests-1] PageObjects.BasePage.getText(BasePage.java:80) - Get text of element: By.cssSelector: [class$='ammount']
2022-04-27 15:46:33.425 [TestNG-tests-1] PageObjects.BasePage.open(BasePage.java:37) - Open page https://catalog.onliner.by/
2022-04-27 15:46:34.614 [TestNG-tests-1] PageObjects.BasePage.clickButton(BasePage.java:58) - Click on button By.cssSelector: [title='Корзина']
2022-04-27 15:46:35.431 [TestNG-tests-1] PageObjects.BasePage.compareCurrentUrlWithExpected(BasePage.java:91) - Compare current url https://cart.onliner.by/
2022-04-27 15:46:35.668 [TestNG-tests-1] PageObjects.BasePage.getText(BasePage.java:80) - Get text of element: By.cssSelector: [class$='extra']
